This is pdfTeX, Version 3.141592653-2.6-1.40.24 (MiKTeX 22.10) (preloaded format=pdflatex 2023.3.24)  21 APR 2023 18:15
entering extended mode
 restricted \write18 enabled.
 %&-line parsing enabled.
**./szakdolgozat.tex
(szakdolgozat.tex
LaTeX2e <2022-06-01> patch level 5
L3 programming layer <2022-09-28>
(C:\Users\pigme\AppData\Local\Programs\MiKTeX\tex/latex/base\report.cls
Document Class: report 2021/10/04 v1.4n Standard LaTeX document class
(C:\Users\pigme\AppData\Local\Programs\MiKTeX\tex/latex/base\size12.clo
File: size12.clo 2021/10/04 v1.4n Standard LaTeX file (size option)
)
\c@part=\count185
\c@chapter=\count186
\c@section=\count187
\c@subsection=\count188
\c@subsubsection=\count189
\c@paragraph=\count190
\c@subparagraph=\count191
\c@figure=\count192
\c@table=\count193
\abovecaptionskip=\skip47
\belowcaptionskip=\skip48
\bibindent=\dimen138
)
(C:\Users\pigme\AppData\Local\Programs\MiKTeX\tex/latex/base\inputenc.sty
Package: inputenc 2021/02/14 v1.3d Input encoding file
\inpenc@prehook=\toks16
\inpenc@posthook=\toks17
)
(C:\Users\pigme\AppData\Local\Programs\MiKTeX\tex/latex/base\t1enc.sty
Package: t1enc 1994/06/01 Standard LaTeX package
)
(C:\Users\pigme\AppData\Local\Programs\MiKTeX\tex/generic/babel\babel.sty
Package: babel 2022/10/04 3.81 The Babel package
\babel@savecnt=\count194
\U@D=\dimen139
\l@unhyphenated=\language79

(C:\Users\pigme\AppData\Local\Programs\MiKTeX\tex/generic/babel\txtbabel.def)
\bbl@readstream=\read2
\bbl@dirlevel=\count195

*************************************
* Local config file bblopts.cfg used
*
(C:\Users\pigme\AppData\Local\Programs\MiKTeX\tex/latex/arabi\bblopts.cfg
File: bblopts.cfg 2005/09/08 v0.1 add Arabic and Farsi to "declared" options of
 babel
)
(C:\Users\pigme\AppData\Local\Programs\MiKTeX\tex/latex/babel-hungarian\magyar.
ldf
Language: magyar 2019/01/14 v1.5c Magyar (Hungarian) support for babel
Package babel Info: Making ` an active character on input line 2819.
\c@footnote@add=\count196
\c@footnote@ch=\count197
))
(C:\Users\pigme\AppData\Local\Programs\MiKTeX\tex/generic/babel/locale/hu\babel
-magyar.tex
Package babel Info: Importing font and identification data for magyar
(babel)             from babel-hu.ini. Reported on input line 11.
)
(C:\Users\pigme\AppData\Local\Programs\MiKTeX\tex/latex/psnfss\times.sty
Package: times 2020/03/25 PSNFSS-v9.3 (SPQR) 
)
(C:\Users\pigme\AppData\Local\Programs\MiKTeX\tex/latex/url\url.sty
\Urlmuskip=\muskip16
Package: url 2013/09/16  ver 3.4  Verb mode for urls, etc.
)
(C:\Users\pigme\AppData\Local\Programs\MiKTeX\tex/latex/tools\indentfirst.sty
Package: indentfirst 1995/11/23 v1.03 Indent first paragraph (DPC)
)
(C:\Users\pigme\AppData\Local\Programs\MiKTeX\tex/latex/amsmath\amsmath.sty
Package: amsmath 2022/04/08 v2.17n AMS math features
\@mathmargin=\skip49

For additional information on amsmath, use the `?' option.
(C:\Users\pigme\AppData\Local\Programs\MiKTeX\tex/latex/amsmath\amstext.sty
Package: amstext 2021/08/26 v2.01 AMS text

(C:\Users\pigme\AppData\Local\Programs\MiKTeX\tex/latex/amsmath\amsgen.sty
File: amsgen.sty 1999/11/30 v2.0 generic functions
\@emptytoks=\toks18
\ex@=\dimen140
))
(C:\Users\pigme\AppData\Local\Programs\MiKTeX\tex/latex/amsmath\amsbsy.sty
Package: amsbsy 1999/11/29 v1.2d Bold Symbols
\pmbraise@=\dimen141
)
(C:\Users\pigme\AppData\Local\Programs\MiKTeX\tex/latex/amsmath\amsopn.sty
Package: amsopn 2022/04/08 v2.04 operator names
)
\inf@bad=\count198
LaTeX Info: Redefining \frac on input line 234.
\uproot@=\count199
\leftroot@=\count266
LaTeX Info: Redefining \overline on input line 399.
LaTeX Info: Redefining \colon on input line 410.
\classnum@=\count267
\DOTSCASE@=\count268
LaTeX Info: Redefining \ldots on input line 496.
LaTeX Info: Redefining \dots on input line 499.
LaTeX Info: Redefining \cdots on input line 620.
\Mathstrutbox@=\box51
\strutbox@=\box52
LaTeX Info: Redefining \big on input line 722.
LaTeX Info: Redefining \Big on input line 723.
LaTeX Info: Redefining \bigg on input line 724.
LaTeX Info: Redefining \Bigg on input line 725.
\big@size=\dimen142
LaTeX Font Info:    Redeclaring font encoding OML on input line 743.
LaTeX Font Info:    Redeclaring font encoding OMS on input line 744.
\macc@depth=\count269
LaTeX Info: Redefining \bmod on input line 905.
LaTeX Info: Redefining \pmod on input line 910.
LaTeX Info: Redefining \smash on input line 940.
LaTeX Info: Redefining \relbar on input line 970.
LaTeX Info: Redefining \Relbar on input line 971.
\c@MaxMatrixCols=\count270
\dotsspace@=\muskip17
\c@parentequation=\count271
\dspbrk@lvl=\count272
\tag@help=\toks19
\row@=\count273
\column@=\count274
\maxfields@=\count275
\andhelp@=\toks20
\eqnshift@=\dimen143
\alignsep@=\dimen144
\tagshift@=\dimen145
\tagwidth@=\dimen146
\totwidth@=\dimen147
\lineht@=\dimen148
\@envbody=\toks21
\multlinegap=\skip50
\multlinetaggap=\skip51
\mathdisplay@stack=\toks22
LaTeX Info: Redefining \[ on input line 2953.
LaTeX Info: Redefining \] on input line 2954.
)
(C:\Users\pigme\AppData\Local\Programs\MiKTeX\tex/latex/amsfonts\amssymb.sty
Package: amssymb 2013/01/14 v3.01 AMS font symbols

(C:\Users\pigme\AppData\Local\Programs\MiKTeX\tex/latex/amsfonts\amsfonts.sty
Package: amsfonts 2013/01/14 v3.01 Basic AMSFonts support
\symAMSa=\mathgroup4
\symAMSb=\mathgroup5
LaTeX Font Info:    Redeclaring math symbol \hbar on input line 98.
LaTeX Font Info:    Overwriting math alphabet `\mathfrak' in version `bold'
(Font)                  U/euf/m/n --> U/euf/b/n on input line 106.
)) (C:\Users\pigme\AppData\Local\Programs\MiKTeX\tex/latex/amscls\amsthm.sty
Package: amsthm 2020/05/29 v2.20.6
\thm@style=\toks23
\thm@bodyfont=\toks24
\thm@headfont=\toks25
\thm@notefont=\toks26
\thm@headpunct=\toks27
\thm@preskip=\skip52
\thm@postskip=\skip53
\thm@headsep=\skip54
\dth@everypar=\toks28
)
(C:\Users\pigme\AppData\Local\Programs\MiKTeX\tex/latex/fancyhdr\fancyhdr.sty
Package: fancyhdr 2022/11/09 v4.1 Extensive control of page headers and footers

\f@nch@headwidth=\skip55
\f@nch@O@elh=\skip56
\f@nch@O@erh=\skip57
\f@nch@O@olh=\skip58
\f@nch@O@orh=\skip59
\f@nch@O@elf=\skip60
\f@nch@O@erf=\skip61
\f@nch@O@olf=\skip62
\f@nch@O@orf=\skip63
)
(C:\Users\pigme\AppData\Local\Programs\MiKTeX\tex/latex/graphics\graphicx.sty
Package: graphicx 2021/09/16 v1.2d Enhanced LaTeX Graphics (DPC,SPQR)

(C:\Users\pigme\AppData\Local\Programs\MiKTeX\tex/latex/graphics\keyval.sty
Package: keyval 2022/05/29 v1.15 key=value parser (DPC)
\KV@toks@=\toks29
)
(C:\Users\pigme\AppData\Local\Programs\MiKTeX\tex/latex/graphics\graphics.sty
Package: graphics 2022/03/10 v1.4e Standard LaTeX Graphics (DPC,SPQR)

(C:\Users\pigme\AppData\Local\Programs\MiKTeX\tex/latex/graphics\trig.sty
Package: trig 2021/08/11 v1.11 sin cos tan (DPC)
)
(C:\Users\pigme\AppData\Local\Programs\MiKTeX\tex/latex/graphics-cfg\graphics.c
fg
File: graphics.cfg 2016/06/04 v1.11 sample graphics configuration
)
Package graphics Info: Driver file: pdftex.def on input line 107.

(C:\Users\pigme\AppData\Local\Programs\MiKTeX\tex/latex/graphics-def\pdftex.def
File: pdftex.def 2022/09/22 v1.2b Graphics/color driver for pdftex
\stockwidth=\dimen149
\stockheight=\dimen150
))
\Gin@req@height=\dimen151
\Gin@req@width=\dimen152
) (C:\Users\pigme\AppData\Local\Programs\MiKTeX\tex/latex/psfrag\psfrag.sty
Package: psfrag 1998/04/11 v3.04 PSfrag (MCG)
\pfg@pcount=\count276
\pfg@scount=\count277
\pfg@temp=\write3
)
(C:\Users\pigme\AppData\Local\Programs\MiKTeX\tex/latex/listings\listings.sty
\lst@mode=\count278
\lst@gtempboxa=\box53
\lst@token=\toks30
\lst@length=\count279
\lst@currlwidth=\dimen153
\lst@column=\count280
\lst@pos=\count281
\lst@lostspace=\dimen154
\lst@width=\dimen155
\lst@newlines=\count282
\lst@lineno=\count283
\lst@maxwidth=\dimen156

(C:\Users\pigme\AppData\Local\Programs\MiKTeX\tex/latex/listings\lstmisc.sty
File: lstmisc.sty 2020/03/24 1.8d (Carsten Heinz)
\c@lstnumber=\count284
\lst@skipnumbers=\count285
\lst@framebox=\box54
)
(C:\Users\pigme\AppData\Local\Programs\MiKTeX\tex/latex/listings\listings.cfg
File: listings.cfg 2020/03/24 1.8d listings configuration
))
Package: listings 2020/03/24 1.8d (Carsten Heinz)
(C:\Users\pigme\AppData\Local\Programs\MiKTeX\tex/latex/graphics\color.sty
Package: color 2022/01/06 v1.3d Standard LaTeX Color (DPC)

(C:\Users\pigme\AppData\Local\Programs\MiKTeX\tex/latex/graphics-cfg\color.cfg
File: color.cfg 2016/01/02 v1.6 sample color configuration
)
Package color Info: Driver file: pdftex.def on input line 149.
(C:\Users\pigme\AppData\Local\Programs\MiKTeX\tex/latex/graphics\mathcolor.ltx)
)
\c@tet=\count286
LaTeX Font Info:    Trying to load font information for T1+ptm on input line 12
9.
 (C:\Users\pigme\AppData\Local\Programs\MiKTeX\tex/latex/psnfss\t1ptm.fd
File: t1ptm.fd 2001/06/04 font definitions for T1/ptm.
)
(C:\Users\pigme\AppData\Local\Programs\MiKTeX\tex/latex/l3backend\l3backend-pdf
tex.def
File: l3backend-pdftex.def 2022-09-28 L3 backend support: PDF output (pdfTeX)
\l__color_backend_stack_int=\count287
\l__pdf_internal_box=\box55
) (szakdolgozat.aux

LaTeX Warning: Label `fig:de' multiply defined.


LaTeX Warning: Label `fig:usecase' multiply defined.


LaTeX Warning: Label `fig:usecase' multiply defined.


LaTeX Warning: Label `fig:usecase' multiply defined.


LaTeX Warning: Label `fig:usecase' multiply defined.


LaTeX Warning: Label `fig:usecase' multiply defined.


LaTeX Warning: Label `Gischer' multiply defined.


LaTeX Warning: Label `Gischer' multiply defined.


LaTeX Warning: Label `Gischer' multiply defined.


LaTeX Warning: Label `Gischer' multiply defined.


LaTeX Warning: Label `Gischer' multiply defined.


LaTeX Warning: Label `Gischer' multiply defined.


LaTeX Warning: Label `Gischer' multiply defined.


LaTeX Warning: Label `Gischer' multiply defined.


LaTeX Warning: Label `Gischer' multiply defined.

)
\openout1 = `szakdolgozat.aux'.

LaTeX Font Info:    Checking defaults for OML/cmm/m/it on input line 129.
LaTeX Font Info:    ... okay on input line 129.
LaTeX Font Info:    Checking defaults for OMS/cmsy/m/n on input line 129.
LaTeX Font Info:    ... okay on input line 129.
LaTeX Font Info:    Checking defaults for OT1/cmr/m/n on input line 129.
LaTeX Font Info:    ... okay on input line 129.
LaTeX Font Info:    Checking defaults for T1/cmr/m/n on input line 129.
LaTeX Font Info:    ... okay on input line 129.
LaTeX Font Info:    Checking defaults for TS1/cmr/m/n on input line 129.
LaTeX Font Info:    ... okay on input line 129.
LaTeX Font Info:    Checking defaults for OMX/cmex/m/n on input line 129.
LaTeX Font Info:    ... okay on input line 129.
LaTeX Font Info:    Checking defaults for U/cmr/m/n on input line 129.
LaTeX Font Info:    ... okay on input line 129.

(C:\Users\pigme\AppData\Local\Programs\MiKTeX\tex/context/base/mkii\supp-pdf.mk
ii
[Loading MPS to PDF converter (version 2006.09.02).]
\scratchcounter=\count288
\scratchdimen=\dimen157
\scratchbox=\box56
\nofMPsegments=\count289
\nofMParguments=\count290
\everyMPshowfont=\toks31
\MPscratchCnt=\count291
\MPscratchDim=\dimen158
\MPnumerator=\count292
\makeMPintoPDFobject=\count293
\everyMPtoPDFconversion=\toks32
)
(C:\Users\pigme\AppData\Local\Programs\MiKTeX\tex/latex/epstopdf-pkg\epstopdf-b
ase.sty
Package: epstopdf-base 2020-01-24 v2.11 Base part for package epstopdf
Package epstopdf-base Info: Redefining graphics rule for `.eps' on input line 4
85.

(C:\Users\pigme\AppData\Local\Programs\MiKTeX\tex/latex/00miktex\epstopdf-sys.c
fg
File: epstopdf-sys.cfg 2021/03/18 v2.0 Configuration of epstopdf for MiKTeX
))
\c@lstlisting=\count294
 (C:\Users\pigme\AppData\Local\Programs\MiKTeX\tex/latex/base\report.cls
LaTeX Info: Redefining \cal on input line 577.
LaTeX Info: Redefining \mit on input line 578.
)
LaTeX Font Info:    Trying to load font information for U+msa on input line 175
.

(C:\Users\pigme\AppData\Local\Programs\MiKTeX\tex/latex/amsfonts\umsa.fd
File: umsa.fd 2013/01/14 v3.01 AMS symbols A
)
LaTeX Font Info:    Trying to load font information for U+msb on input line 175
.

(C:\Users\pigme\AppData\Local\Programs\MiKTeX\tex/latex/amsfonts\umsb.fd
File: umsb.fd 2013/01/14 v3.01 AMS symbols B
)
[1
Non-PDF special ignored!
<special> header=psfrag.pro


{C:/Users/pigme/AppData/Local/MiKTeX/fonts/map/pdftex/pdftex.map}]
(szakdolgozat.toc [2

])
\tf@toc=\write4
\openout4 = `szakdolgozat.toc'.

 [3] [4

] [5

] [6

] [7]
1. fejezet.
[8

]
LaTeX Font Info:    Trying to load font information for TS1+ptm on input line 2
57.
 (C:\Users\pigme\AppData\Local\Programs\MiKTeX\tex/latex/psnfss\ts1ptm.fd
File: ts1ptm.fd 2001/06/04 font definitions for TS1/ptm.
)
Overfull \hbox (13.48212pt too wide) in paragraph at lines 259--260
[]\T1/ptm/m/n/12 Objektum-orientáltság: A TypeScript er®-sebb objektum-orientál
tságot biz-to-sít, ugyan-
 []

[9] [10] [11]
<./images/tile.png, id=39, 192.4791pt x 144.54pt>
File: ./images/tile.png Graphic file (type png)
<use ./images/tile.png>
Package pdftex.def Info: ./images/tile.png  used on input line 297.
(pdftex.def)             Requested size: 170.71393pt x 128.20128pt.
 [12 <./images/tile.png>]
Overfull \hbox (17.63264pt too wide) in paragraph at lines 309--310
[]\T1/ptm/m/n/12 A szak-dol-go-za-tom so-rán azért volt szük-ség a mo-dul-ke-ze
-l® hasz-ná-la-tá-ra, mert a TypeScript
 []

<./images/phone.jpg, id=45, 2111.89pt x 4184.63374pt>
File: ./images/phone.jpg Graphic file (type jpg)
<use ./images/phone.jpg>
Package pdftex.def Info: ./images/phone.jpg  used on input line 317.
(pdftex.def)             Requested size: 85.35696pt x 169.08086pt.
[13 <./images/phone.jpg>]
<./images/characters.png, id=50, 111.2958pt x 24.09pt>
File: ./images/characters.png Graphic file (type png)
<use ./images/characters.png>
Package pdftex.def Info: ./images/characters.png  used on input line 329.
(pdftex.def)             Requested size: 384.10959pt x 83.15094pt.

Overfull \hbox (1.33885pt too wide) in paragraph at lines 335--336
[]\T1/ptm/m/n/12 Az Ado-be Pho-toshop egy na-gyon sok-ol-da-lú kép-szer-kesz-t®
 és fény-kép-fel-dol-go-zó szoft-
 []


Overfull \hbox (2.60074pt too wide) in paragraph at lines 335--336
\T1/ptm/m/n/12 szoft-ver se-gít-sé-gé-vel, az Il-lustra-tor-ban lé-v® gra-fi-ka
i ele-me-ket fel-he-lyez-tem egy 500x500px
 []

[14 <./images/characters.png>] [15]
2. fejezet.
[16

] [17] [18]
3. fejezet.
[19

] [20] [21]
LaTeX Font Info:    Trying to load font information for T1+pcr on input line 44
7.

(C:\Users\pigme\AppData\Local\Programs\MiKTeX\tex/latex/psnfss\t1pcr.fd
File: t1pcr.fd 2001/06/04 font definitions for T1/pcr.
)
[22]
<./images/obstacle.png, id=80, 24.09pt x 14.9358pt>
File: ./images/obstacle.png Graphic file (type png)
<use ./images/obstacle.png>
Package pdftex.def Info: ./images/obstacle.png  used on input line 457.
(pdftex.def)             Requested size: 85.35696pt x 52.92986pt.
 [23 <./images/obstacle.png>]
<./images/door.png, id=87, 301.125pt x 268.00125pt>
File: ./images/door.png Graphic file (type png)
<use ./images/door.png>
Package pdftex.def Info: ./images/door.png  used on input line 490.
(pdftex.def)             Requested size: 85.35696pt x 75.96811pt.
 [24 <./images/door.png>]
<./images/chest.png, id=92, 221.82875pt x 66.2475pt>
File: ./images/chest.png Graphic file (type png)
<use ./images/chest.png>
Package pdftex.def Info: ./images/chest.png  used on input line 517.
(pdftex.def)             Requested size: 128.0387pt x 38.23756pt.
 [25 <./images/chest.png>]
<./images/potions.png, id=98, 14.2131pt x 8.4315pt>
File: ./images/potions.png Graphic file (type png)
<use ./images/potions.png>
Package pdftex.def Info: ./images/potions.png  used on input line 542.
(pdftex.def)             Requested size: 85.35696pt x 50.64299pt.
 [26 <./images/potions.png>] [27] [28] [29] [30] [31] [32]
4. fejezet.
<./images/diagrams.jpg, id=122, 554.07pt x 247.92625pt>
File: ./images/diagrams.jpg Graphic file (type jpg)
<use ./images/diagrams.jpg>
Package pdftex.def Info: ./images/diagrams.jpg  used on input line 708.
(pdftex.def)             Requested size: 426.79134pt x 190.97568pt.
[33

]
<./images/menu.jpg, id=126, 336.50719pt x 212.29312pt>
File: ./images/menu.jpg Graphic file (type jpg)
<use ./images/menu.jpg>
Package pdftex.def Info: ./images/menu.jpg  used on input line 716.
(pdftex.def)             Requested size: 341.43436pt x 215.4056pt.
 [34 <./images/diagrams.jpg> <./images/menu.jpg>] [35] [36]
5. fejezet.
[37

] [38]
6. fejezet.
<./images/usecase.png, id=143, 649.42625pt x 522.95375pt>
File: ./images/usecase.png Graphic file (type png)
<use ./images/usecase.png>
Package pdftex.def Info: ./images/usecase.png  used on input line 786.
(pdftex.def)             Requested size: 426.79134pt x 343.68228pt.

LaTeX Warning: `!h' float specifier changed to `!ht'.

<./images/class.png, id=144, 815.045pt x 1102.1175pt>
File: ./images/class.png Graphic file (type png)
<use ./images/class.png>
Package pdftex.def Info: ./images/class.png  used on input line 793.
(pdftex.def)             Requested size: 426.79134pt x 577.10683pt.

LaTeX Warning: `!h' float specifier changed to `!ht'.

[39

] [40 <./images/usecase.png>] [41 <./images/class.png>] [42

] [43] [44

]
LaTeX Font Info:    Font shape `T1/pcr/m/it' in size <12> not available
(Font)              Font shape `T1/pcr/m/sl' tried instead on input line 877.

Underfull \hbox (badness 2213) in paragraph at lines 881--884
[]\T1/ptm/m/n/12 Exploding to-pics: já-té-ko-sok ku-ta-tá-sa $\T1/pcr/m/sl/12 h
ttps : / / explodingtopics . com /
 []


Underfull \hbox (badness 10000) in paragraph at lines 891--894
[]\T1/ptm/m/n/12 MDN Web Docs: HTML5 \T1/ptm/m/it/12 https://developer.mozilla.
org/en-
 []


Underfull \hbox (badness 3364) in paragraph at lines 896--899
[]\T1/ptm/m/n/12 MDN Web Docs: Ja-vaScript Ok-ta-tó-anya-gok \T1/ptm/m/it/12 ht
tps://developer.mozilla.org/en-
 []


Underfull \hbox (badness 10000) in paragraph at lines 911--914
[]\T1/ptm/m/n/12 MDN Web Docs: Ti-les és Ti-le-Map \T1/ptm/m/it/12 https://deve
loper.mozilla.org/en-
 []

[45

] (szakdolgozat.aux)

LaTeX Warning: There were multiply-defined labels.

 ) 
Here is how much of TeX's memory you used:
 7165 strings out of 475385
 113940 string characters out of 2776907
 633428 words of memory out of 3000000
 28430 multiletter control sequences out of 15000+600000
 514068 words of font info for 91 fonts, out of 8000000 for 9000
 1141 hyphenation exceptions out of 8191
 55i,12n,62p,1045b,1817s stack positions out of 10000i,1000n,20000p,200000b,80000s
{C:/Users/pigme/AppData/Local/Programs/MiKTeX/fonts/enc/dvips/base/8r.enc}<C:
/Users/pigme/AppData/Local/Programs/MiKTeX/fonts/type1/urw/courier/ucrb8a.pfb><
C:/Users/pigme/AppData/Local/Programs/MiKTeX/fonts/type1/urw/courier/ucrr8a.pfb
><C:/Users/pigme/AppData/Local/Programs/MiKTeX/fonts/type1/urw/courier/ucrro8a.
pfb><C:/Users/pigme/AppData/Local/Programs/MiKTeX/fonts/type1/urw/times/utmb8a.
pfb><C:/Users/pigme/AppData/Local/Programs/MiKTeX/fonts/type1/urw/times/utmr8a.
pfb><C:/Users/pigme/AppData/Local/Programs/MiKTeX/fonts/type1/urw/times/utmri8a
.pfb>
Output written on szakdolgozat.pdf (45 pages, 1621384 bytes).
PDF statistics:
 199 PDF objects out of 1000 (max. 8388607)
 0 named destinations out of 1000 (max. 500000)
 56 words of extra memory for PDF output out of 10000 (max. 10000000)

